<?xml version="1.0" encoding="UTF-8"?>
<testng-results ignored="0" total="1" passed="1" failed="0" skipped="0">
  <reporter-output>
  </reporter-output>
  <suite started-at="2024-10-02T15:27:26 EDT" name="TestSuite" finished-at="2024-10-02T15:27:30 EDT" duration-ms="3625">
    <groups>
    </groups>
    <test started-at="2024-10-02T15:27:26 EDT" name="Default test" finished-at="2024-10-02T15:27:30 EDT" duration-ms="3625">
      <class name="test.LoginTest">
        <test-method is-config="true" signature="initialseBrowser()[pri:0, instance:test.LoginTest@1329eff]" started-at="2024-10-02T15:27:26 EDT" name="initialseBrowser" finished-at="2024-10-02T15:27:29 EDT" duration-ms="3109" status="PASS">
          <reporter-output>
          </reporter-output>
        </test-method> <!-- initialseBrowser -->
        <test-method signature="verifyCorrectLoginCredentials()[pri:0, instance:test.LoginTest@1329eff]" started-at="2024-10-02T15:27:29 EDT" name="verifyCorrectLoginCredentials" finished-at="2024-10-02T15:27:30 EDT" duration-ms="343" status="PASS">
          <reporter-output>
          </reporter-output>
        </test-method> <!-- verifyCorrectLoginCredentials -->
        <test-method is-config="true" signature="tearDownBrowser()[pri:0, instance:test.LoginTest@1329eff]" started-at="2024-10-02T15:27:30 EDT" name="tearDownBrowser" finished-at="2024-10-02T15:27:30 EDT" duration-ms="144" status="PASS">
          <reporter-output>
          </reporter-output>
        </test-method> <!-- tearDownBrowser -->
      </class> <!-- test.LoginTest -->
    </test> <!-- Default test -->
  </suite> <!-- TestSuite -->
</testng-results>
